<?xml version="1.0" encoding="UTF-8"?>
<!-- Generated by org.testng.reporters.JUnitReportReporter -->
<testsuite hostname="TL0017" failures="0" tests="1" name="dataIntegration.DuplicateLead" time="18.209" errors="0" timestamp="2022-09-18T09:23:36 IST" skipped="0">
  <testcase classname="dataIntegration.DuplicateLead" name="runduplicate" time="18.209"/>
  <system-out/>
</testsuite> <!-- dataIntegration.DuplicateLead -->
