<?xml version="1.0" encoding="UTF-8"?>
<!-- Generated by org.testng.reporters.JUnitReportReporter -->
<testsuite hostname="TL0017" failures="0" tests="1" name="dataIntegration.DeleteLead" time="15.569" errors="0" timestamp="2022-09-18T09:23:36 IST" skipped="0">
  <testcase classname="dataIntegration.DeleteLead" name="runDelete" time="15.569"/>
  <system-out/>
</testsuite> <!-- dataIntegration.DeleteLead -->
