<?xml version="1.0" encoding="UTF-8"?>
<!-- Generated by org.testng.reporters.JUnitReportReporter -->
<testsuite hostname="TL0017" failures="0" tests="2" name="annotations.LearnAnnotation" time="0.069" errors="0" timestamp="2022-09-11T11:02:30 IST" skipped="0">
  <testcase classname="annotations.LearnAnnotation" name="Test2" time="0.037"/>
  <system-out/>
  <testcase classname="annotations.LearnAnnotation" name="Test1" time="0.032"/>
  <system-out/>
</testsuite> <!-- annotations.LearnAnnotation -->
