<?xml version="1.0" encoding="UTF-8"?>
<!-- Generated by org.testng.reporters.JUnitReportReporter -->
<testsuite hostname="TL0017" failures="0" tests="5" name="Annotations.LearnAttributes" time="0.038" errors="0" timestamp="2022-09-11T09:24:11 IST" skipped="1">
  <testcase classname="Annotations.LearnAttributes" name="classK" time="0.032"/>
  <system-out/>
  <testcase classname="Annotations.LearnAttributes" name="classN" time="0.002"/>
  <system-out/>
  <testcase classname="Annotations.LearnAttributes" name="classA" time="0.002"/>
  <system-out/>
  <testcase classname="Annotations.LearnAttributes" name="classC" time="0.002"/>
  <system-out/>
  <testcase classname="Annotations.LearnAttributes" name="classE">
    <skipped/>
  </testcase> <!-- classE -->
  <system-out/>
</testsuite> <!-- Annotations.LearnAttributes -->
