<?xml version="1.0" encoding="UTF-8"?>
<!-- Generated by org.testng.reporters.JUnitReportReporter -->
<testsuite hostname="TL0017" failures="0" tests="2" name="dataIntegration.CreateLead" time="34.921" errors="0" timestamp="2022-09-18T09:23:36 IST" skipped="0">
  <testcase classname="dataIntegration.CreateLead" name="runCreate" time="20.079"/>
  <system-out/>
  <testcase classname="dataIntegration.CreateLead" name="runCreate" time="14.842"/>
  <system-out/>
</testsuite> <!-- dataIntegration.CreateLead -->
