<?xml version="1.0" encoding="UTF-8"?>
<!-- Generated by org.testng.reporters.JUnitReportReporter -->
<testsuite hostname="TL0017" failures="0" tests="2" name="Annotations.LearnAnnotation2" time="0.011" errors="0" timestamp="2022-09-10T20:10:27 IST" skipped="1">
  <testcase classname="Annotations.LearnAnnotation2" name="Test4" time="0.004">
    <skipped/>
  </testcase> <!-- Test4 -->
  <system-out/>
  <testcase classname="Annotations.LearnAnnotation2" name="Test3" time="0.007"/>
  <system-out/>
</testsuite> <!-- Annotations.LearnAnnotation2 -->
