<?xml version="1.0" encoding="UTF-8"?>
<!-- Generated by org.testng.reporters.JUnitReportReporter -->
<testsuite hostname="TL0017" failures="0" tests="2" name="testcases.LoginLogout" time="109.171" errors="0" timestamp="2022-09-25T13:23:10 IST" skipped="0">
  <testcase classname="testcases.LoginLogout" name="runLoginLogout" time="50.536"/>
  <system-out/>
  <testcase classname="testcases.LoginLogout" name="runLoginLogout" time="58.635"/>
  <system-out/>
</testsuite> <!-- testcases.LoginLogout -->
